Determining if the pthread_create exist failed with the following output:
Change Dir: /home/jmedwid/Dropbox/Current Classes/CMPT 373/Project/adventure2016/cmake-build-debug/CMakeFiles/CMakeTmp

Run Build Command:"/usr/bin/make" "cmTC_5626e/fast"
/usr/bin/make -f CMakeFiles/cmTC_5626e.dir/build.make CMakeFiles/cmTC_5626e.dir/build
make[1]: Entering directory '/home/jmedwid/Dropbox/Current Classes/CMPT 373/Project/adventure2016/cmake-build-debug/CMakeFiles/CMakeTmp'
Building C object CMakeFiles/cmTC_5626e.dir/CheckSymbolExists.c.o
/usr/bin/cc     -o CMakeFiles/cmTC_5626e.dir/CheckSymbolExists.c.o   -c "/home/jmedwid/Dropbox/Current Classes/CMPT 373/Project/adventure2016/cmake-build-debug/CMakeFiles/CMakeTmp/CheckSymbolExists.c"
Linking C executable cmTC_5626e
/home/jmedwid/clion-2016.2.2/bin/cmake/bin/cmake -E cmake_link_script CMakeFiles/cmTC_5626e.dir/link.txt --verbose=1
/usr/bin/cc       CMakeFiles/cmTC_5626e.dir/CheckSymbolExists.c.o  -o cmTC_5626e -rdynamic 
CMakeFiles/cmTC_5626e.dir/CheckSymbolExists.c.o: In function `main':
CheckSymbolExists.c:(.text+0x16): undefined reference to `pthread_create'
collect2: error: ld returned 1 exit status
CMakeFiles/cmTC_5626e.dir/build.make:97: recipe for target 'cmTC_5626e' failed
make[1]: *** [cmTC_5626e] Error 1
make[1]: Leaving directory '/home/jmedwid/Dropbox/Current Classes/CMPT 373/Project/adventure2016/cmake-build-debug/CMakeFiles/CMakeTmp'
Makefile:126: recipe for target 'cmTC_5626e/fast' failed
make: *** [cmTC_5626e/fast] Error 2

File /home/jmedwid/Dropbox/Current Classes/CMPT 373/Project/adventure2016/cmake-build-debug/CMakeFiles/CMakeTmp/CheckSymbolExists.c:
/* */
#include <pthread.h>

int main(int argc, char** argv)
{
  (void)argv;
#ifndef pthread_create
  return ((int*)(&pthread_create))[argc];
#else
  (void)argc;
  return 0;
#endif
}

